<?xml version="1.0" encoding="UTF-8"?>
<testsuite name="agh.ics.oop.AnimalTest" tests="2" skipped="0" failures="0" errors="0" timestamp="2022-11-06T14:10:31" hostname="W541" time="0.036">
  <properties/>
  <testcase name="testForMove()" classname="agh.ics.oop.AnimalTest" time="0.031"/>
  <testcase name="testPerser()" classname="agh.ics.oop.AnimalTest" time="0.003"/>
  <system-out><![CDATA[]]></system-out>
  <system-err><![CDATA[]]></system-err>
</testsuite>
