<?xml version="1.0" encoding="UTF-8"?>
<testsuite name="agh.ics.oop.SimulationEngineTest" tests="4" skipped="0" failures="0" errors="0" timestamp="2022-11-15T16:05:46" hostname="W541" time="0.05">
  <properties/>
  <testcase name="nullMap()" classname="agh.ics.oop.SimulationEngineTest" time="0.036"/>
  <testcase name="AnimalOccuppiedTest()" classname="agh.ics.oop.SimulationEngineTest" time="0.006"/>
  <testcase name="addToTab()" classname="agh.ics.oop.SimulationEngineTest" time="0.001"/>
  <testcase name="threeAnimal()" classname="agh.ics.oop.SimulationEngineTest" time="0.002"/>
  <system-out><![CDATA[]]></system-out>
  <system-err><![CDATA[]]></system-err>
</testsuite>
