<?xml version="1.0" encoding="UTF-8"?>
<testsuite name="agh.ics.oop.MapDirectionTest" tests="2" skipped="0" failures="0" errors="0" timestamp="2022-10-24T17:02:02" hostname="W541" time="0.028">
  <properties/>
  <testcase name="testForNext()" classname="agh.ics.oop.MapDirectionTest" time="0.026"/>
  <testcase name="testForPrevious()" classname="agh.ics.oop.MapDirectionTest" time="0.0"/>
  <system-out><![CDATA[]]></system-out>
  <system-err><![CDATA[]]></system-err>
</testsuite>
