<?xml version="1.0" encoding="UTF-8"?>
<testsuite name="agh.ics.oop.RectangularMaptest" tests="1" skipped="0" failures="0" errors="0" timestamp="2022-12-12T23:18:17" hostname="W541" time="0.033">
  <properties/>
  <testcase name="IWorldMapTest()" classname="agh.ics.oop.RectangularMaptest" time="0.033"/>
  <system-out><![CDATA[]]></system-out>
  <system-err><![CDATA[]]></system-err>
</testsuite>
