<?xml version="1.0" encoding="UTF-8"?>
<testsuite name="agh.ics.oop.MapDirectionTest" tests="2" skipped="0" failures="0" errors="0" timestamp="2022-12-05T18:52:21" hostname="W541" time="0.026">
  <properties/>
  <testcase name="testForNext()" classname="agh.ics.oop.MapDirectionTest" time="0.024"/>
  <testcase name="testForPrevious()" classname="agh.ics.oop.MapDirectionTest" time="0.001"/>
  <system-out><![CDATA[]]></system-out>
  <system-err><![CDATA[]]></system-err>
</testsuite>
